<?xml version="1.0" encoding="UTF-8"?>
<testng-results skipped="0" failed="0" ignored="0" total="1" passed="1">
  <reporter-output>
  </reporter-output>
  <suite name="DemoBlaze_test_suite" duration-ms="81539" started-at="2022-11-17T18:12:44Z" finished-at="2022-11-17T18:14:06Z">
    <groups>
      <group name="cucumber">
        <method signature="TestRunnerTestNg.feature(cucumber.api.testng.CucumberFeatureWrapper)[pri:0, instance:runners.TestRunnerTestNg@1c3a4799]" name="feature" class="runners.TestRunnerTestNg"/>
      </group> <!-- cucumber -->
    </groups>
    <test name="Google_test" duration-ms="81539" started-at="2022-11-17T18:12:44Z" finished-at="2022-11-17T18:14:06Z">
      <class name="runners.TestRunnerTestNg">
        <test-method status="PASS" signature="setUpClass()[pri:0, instance:runners.TestRunnerTestNg@1c3a4799]" name="setUpClass" is-config="true" duration-ms="866" started-at="2022-11-17T19:12:44Z" finished-at="2022-11-17T19:12:45Z">
          <reporter-output>
          </reporter-output>
        </test-method> <!-- setUpClass -->
        <test-method status="PASS" signature="setUpCucumber()[pri:0, instance:runners.TestRunnerTestNg@1c3a4799]" name="setUpCucumber" is-config="true" duration-ms="67" started-at="2022-11-17T19:12:45Z" finished-at="2022-11-17T19:12:45Z">
          <reporter-output>
          </reporter-output>
        </test-method> <!-- setUpCucumber -->
        <test-method status="PASS" signature="setUpClass(java.lang.String, java.lang.String, java.lang.String, java.lang.String)[pri:0, instance:runners.TestRunnerTestNg@1c3a4799]" name="setUpClass" is-config="true" duration-ms="40460" started-at="2022-11-17T19:12:46Z" finished-at="2022-11-17T19:13:26Z">
          <params>
            <param index="0">
              <value>
                <![CDATA[Yes]]>
              </value>
            </param>
            <param index="1">
              <value>
                <![CDATA[chrome]]>
              </value>
            </param>
            <param index="2">
              <value>
                <![CDATA[V3G_test@gmx.es]]>
              </value>
            </param>
            <param index="3">
              <value>
                <![CDATA[Hello123]]>
              </value>
            </param>
          </params>
          <reporter-output>
          </reporter-output>
        </test-method> <!-- setUpClass -->
        <test-method status="PASS" signature="feature(cucumber.api.testng.CucumberFeatureWrapper)[pri:0, instance:runners.TestRunnerTestNg@1c3a4799]" name="feature" duration-ms="39227" started-at="2022-11-17T19:13:26Z" description="Runs Cucumber Feature" data-provider="features" finished-at="2022-11-17T19:14:05Z">
          <params>
            <param index="0">
              <value>
                <![CDATA[DemoBlaze add/delete items to cart]]>
              </value>
            </param>
          </params>
          <reporter-output>
          </reporter-output>
        </test-method> <!-- feature -->
        <test-method status="PASS" signature="tearApp()[pri:0, instance:runners.TestRunnerTestNg@1c3a4799]" name="tearApp" is-config="true" duration-ms="550" started-at="2022-11-17T19:14:05Z" finished-at="2022-11-17T19:14:06Z">
          <reporter-output>
          </reporter-output>
        </test-method> <!-- tearApp -->
        <test-method status="PASS" signature="tearDownClass()[pri:0, instance:runners.TestRunnerTestNg@1c3a4799]" name="tearDownClass" is-config="true" duration-ms="12177" started-at="2022-11-17T19:14:06Z" finished-at="2022-11-17T19:14:18Z">
          <reporter-output>
          </reporter-output>
        </test-method> <!-- tearDownClass -->
      </class> <!-- runners.TestRunnerTestNg -->
    </test> <!-- Google_test -->
  </suite> <!-- DemoBlaze_test_suite -->
</testng-results>
